A51 MACRO ASSEMBLER  FACTO1                                                               09/04/2024 14:36:14 PAGE     1


MACRO ASSEMBLER A51 V8.2.7.0
OBJECT MODULE PLACED IN .\Objects\Facto1.obj
ASSEMBLER INVOKED BY: C:\Keil_v5\C51\BIN\A51.EXE Facto1.asm SET(SMALL) DEBUG PRINT(.\Listings\Facto1.lst) OBJECT(.\Objec
                      ts\Facto1.obj) EP

LOC  OBJ            LINE     SOURCE

0000                   1     ORG 0000H        ; Origin, start at address 0000H
0000 7904              2     MOV R1, #04H     ; Load the number 4 into register R1
0002 7401              3     MOV A, #01H      ; Initialize A with 1 (for multiplication)
0004 FF                4     MOV R7, A        ; Initialize R7 with 1 (R7 will hold the factorial result)
                       5     
0005                   6     FACTORIAL_LOOP:
0005 89F0              7         MOV B, R1    ; Move the current value of R1 into B
0007 A4                8         MUL AB       ; Multiply A by B, result stored in A
0008 FF                9         MOV R7, A    ; Store the result in R7
0009 D9FA             10         DJNZ R1, FACTORIAL_LOOP ; Decrement R1, repeat loop if R1 is not zero
                      11     
000B                  12     END_LOOP:
000B 80FE             13         SJMP $       ; Infinite loop to end the program
                      14     
                      15     END              ; End of the program
A51 MACRO ASSEMBLER  FACTO1                                                               09/04/2024 14:36:14 PAGE     2

SYMBOL TABLE LISTING
------ ----- -------


N A M E             T Y P E  V A L U E   ATTRIBUTES

B. . . . . . . . .  D ADDR   00F0H   A   
END_LOOP . . . . .  C ADDR   000BH   A   
FACTORIAL_LOOP . .  C ADDR   0005H   A   


REGISTER BANK(S) USED: 0 


ASSEMBLY COMPLETE.  0 WARNING(S), 0 ERROR(S)
