A51 MACRO ASSEMBLER  DESCENDING                                                           09/11/2024 15:06:22 PAGE     1


MACRO ASSEMBLER A51 V8.2.7.0
OBJECT MODULE PLACED IN .\Objects\descending.obj
ASSEMBLER INVOKED BY: C:\Keil_v5\C51\BIN\A51.EXE descending.asm SET(SMALL) DEBUG PRINT(.\Listings\descending.lst) OBJECT
                      (.\Objects\descending.obj) EP

LOC  OBJ            LINE     SOURCE

0000                   1     ORG 0000H        ; Starting address
                       2     
0000 7C04              3     MOV R4, #04H     ; Outer loop counter (number of passes)
0002                   4     AGAIN:
0002 7B04              5         MOV R3, #04H ; Inner loop counter (number of comparisons)
0004 7830              6         MOV R0, #30H ; Start address of the array in memory
                       7     
0006                   8     LOOP1:
0006 E6                9         MOV A, @R0   ; Load the current array element into A
0007 F5F0             10         MOV B, A     ; Move A to B for comparison
0009 08               11         INC R0       ; Point to the next array element
000A E6               12         MOV A, @R0   ; Load the next array element into A
000B B5F000           13         CJNE A, B, CONTINUE  ; If A and B are not equal, continue            
                      14     
000E 4005             15     CONTINUE:JC SKIP 
0010 A6F0             16         MOV @R0, B   ; Swap elements if A < B
0012 18               17         DEC R0       ; Move back to the previous element
0013 F6               18         MOV @R0, A   ; Store the larger element in the previous position
0014 08               19         INC R0       ; Restore R0 to the current position
                      20     
0015 DBEF             21     SKIP:DJNZ R3, LOOP1  ; Decrement inner loop counter, repeat if not zero
0017 DCE9             22          DJNZ R4, AGAIN  ; Decrement outer loop counter, repeat if not
                      23              
0019 80FE             24     STOP:SJMP STOP
                      25             END
A51 MACRO ASSEMBLER  DESCENDING                                                           09/11/2024 15:06:22 PAGE     2

SYMBOL TABLE LISTING
------ ----- -------


N A M E             T Y P E  V A L U E   ATTRIBUTES

AGAIN. . . . . . .  C ADDR   0002H   A   
B. . . . . . . . .  D ADDR   00F0H   A   
CONTINUE . . . . .  C ADDR   000EH   A   
LOOP1. . . . . . .  C ADDR   0006H   A   
SKIP . . . . . . .  C ADDR   0015H   A   
STOP . . . . . . .  C ADDR   0019H   A   


REGISTER BANK(S) USED: 0 


ASSEMBLY COMPLETE.  0 WARNING(S), 0 ERROR(S)
